The system is: Windows - 10.0.22631 - AMD64
Compiling the CXX compiler identification source file "CMakeCXXCompilerId.cpp" succeeded.
Compiler: C:/Program Files (x86)/Microsoft Visual Studio/2022/BuildTools/VC/Tools/MSVC/14.40.33807/bin/HostX64/x86/cl.exe 
Build flags: 
Id flags:  

The output was:
0
Microsoft (R) C/C++ Optimizing Compiler Version 19.40.33808 for x86
Copyright (C) Microsoft Corporation.  All rights reserved.

CMakeCXXCompilerId.cpp
Microsoft (R) Incremental Linker Version 14.40.33808.0
Copyright (C) Microsoft Corporation.  All rights reserved.

/out:CMakeCXXCompilerId.exe 
CMakeCXXCompilerId.obj 


Compilation of the CXX compiler identification source "CMakeCXXCompilerId.cpp" produced "CMakeCXXCompilerId.exe"

Compilation of the CXX compiler identification source "CMakeCXXCompilerId.cpp" produced "CMakeCXXCompilerId.obj"

The CXX compiler identification is MSVC, found in "C:/Users/rekkl/rep/Calculator/build/Desktop_x86_windows_msvc2022_pe_32bit-Debug/CMakeFiles/3.25.0-rc1/CompilerIdCXX/CMakeCXXCompilerId.exe"

Detecting CXX compiler ABI info compiled with the following output:
Change Dir: C:/Users/rekkl/rep/Calculator/build/Desktop_x86_windows_msvc2022_pe_32bit-Debug/CMakeFiles/CMakeScratch/TryCompile-jnfoh6

Run Build Command(s):C:/PROGRA~2/MICROS~2/2022/BUILDT~1/Common7/IDE/COMMON~1/MICROS~1/CMake/Ninja/ninja.exe cmTC_22b44 && [1/2] Building CXX object CMakeFiles\cmTC_22b44.dir\CMakeCXXCompilerABI.cpp.obj
[2/2] Linking CXX executable cmTC_22b44.exe



The system is: Windows - 10.0.22631 - AMD64
Compiling the CXX compiler identification source file "CMakeCXXCompilerId.cpp" succeeded.
Compiler: C:/Program Files (x86)/Microsoft Visual Studio/2022/BuildTools/VC/Tools/MSVC/14.40.33807/bin/HostX64/x86/cl.exe 
Build flags: 
Id flags:  

The output was:
0
Microsoft (R) C/C++ Optimizing Compiler Version 19.40.33808 for x86
Copyright (C) Microsoft Corporation.  All rights reserved.

CMakeCXXCompilerId.cpp
Microsoft (R) Incremental Linker Version 14.40.33808.0
Copyright (C) Microsoft Corporation.  All rights reserved.

/out:CMakeCXXCompilerId.exe 
CMakeCXXCompilerId.obj 


Compilation of the CXX compiler identification source "CMakeCXXCompilerId.cpp" produced "CMakeCXXCompilerId.exe"

Compilation of the CXX compiler identification source "CMakeCXXCompilerId.cpp" produced "CMakeCXXCompilerId.obj"

The CXX compiler identification is MSVC, found in "C:/Users/rekkl/rep/Calculator/build/Desktop_x86_windows_msvc2022_pe_32bit-Debug/CMakeFiles/3.25.0-rc1/CompilerIdCXX/CMakeCXXCompilerId.exe"

Detecting CXX compiler ABI info compiled with the following output:
Change Dir: C:/Users/rekkl/rep/Calculator/build/Desktop_x86_windows_msvc2022_pe_32bit-Debug/CMakeFiles/CMakeScratch/TryCompile-p98i4e

Run Build Command(s):C:/PROGRA~2/MICROS~2/2022/BUILDT~1/Common7/IDE/COMMON~1/MICROS~1/CMake/Ninja/ninja.exe cmTC_e817a && [1/2] Building CXX object CMakeFiles\cmTC_e817a.dir\CMakeCXXCompilerABI.cpp.obj
[2/2] Linking CXX executable cmTC_e817a.exe



